{"/Users/hasanali/Documents/Engineering/mern/pizza-app/admin-ui/src/pages/app.ts": {"path":"/Users/hasanali/Documents/Engineering/mern/pizza-app/admin-ui/src/pages/app.ts","statementMap":{"0":{"start":{"line":2,"column":3},"end":{"line":2,"column":null}}},"fnMap":{"0":{"name":"sum","decl":{"start":{"line":1,"column":16},"end":{"line":1,"column":20}},"loc":{"start":{"line":1,"column":42},"end":{"line":3,"column":null}},"line":1}},"branchMap":{},"s":{"0":1},"f":{"0":1},"b":{},"meta":{"lastBranch":0,"lastFunction":1,"lastStatement":1,"seen":{"f:1:16:1:20":0,"s:2:3:2:Infinity":0}}}
}
